{"level":"info","message":"Server is running on port 3000","service":"school-api","timestamp":"2024-01-11 23:56:44"}
{"level":"info","message":"Server is running on port 3000","service":"school-api","timestamp":"2024-01-11 23:58:02"}
{"level":"info","message":"Server is running on port 3000","service":"school-api","timestamp":"2024-01-11 23:58:14"}
{"level":"info","message":"Server is running on port 3000","service":"school-api","timestamp":"2024-01-11 23:58:20"}
{"level":"info","message":"Server is running on port 3000","service":"school-api","timestamp":"2024-01-11 23:58:42"}
{"level":"info","message":"Server is running on port 3000","service":"school-api","timestamp":"2024-01-11 23:58:49"}
{"level":"info","message":"Server is running on port 3000","service":"school-api","timestamp":"2024-01-11 23:58:51"}
{"level":"info","message":"Server is running on port 3000","service":"school-api","timestamp":"2024-01-11 23:58:55"}
{"level":"error","message":"connect ECONNREFUSED ::1:27017, connect ECONNREFUSED 127.0.0.1:27017","service":"school-api","timestamp":"2024-01-11 23:59:25"}
{"level":"info","message":"Server is running on port 3000","service":"school-api","timestamp":"2024-01-12 00:00:08"}
{"level":"error","message":"connect ECONNREFUSED ::1:27017, connect ECONNREFUSED 127.0.0.1:27017","service":"school-api","timestamp":"2024-01-12 00:00:38"}
{"level":"info","message":"Server is running on port 3000","service":"school-api","timestamp":"2024-01-12 00:01:03"}
{"level":"error","message":"connect ECONNREFUSED ::1:27017, connect ECONNREFUSED 127.0.0.1:27017","service":"school-api","timestamp":"2024-01-12 00:01:33"}
{"level":"info","message":"Server is running on port 3000","service":"school-api","timestamp":"2024-01-12 00:01:41"}
{"level":"error","message":"connect ECONNREFUSED ::1:27017, connect ECONNREFUSED 127.0.0.1:27017","service":"school-api","timestamp":"2024-01-12 00:02:11"}
{"level":"info","message":"Server is running on port 3000","service":"school-api","timestamp":"2024-01-12 00:03:41"}
{"level":"info","message":"Server is running on port 3000","service":"school-api","timestamp":"2024-01-12 00:04:06"}
{"level":"info","message":"Server is running on port 3000","service":"school-api","timestamp":"2024-01-12 00:04:42"}
{"level":"error","message":"connect ECONNREFUSED ::1:27017, connect ECONNREFUSED 127.0.0.1:27017","service":"school-api","timestamp":"2024-01-12 00:05:12"}
{"level":"info","message":"Server is running on port 3000","service":"school-api","timestamp":"2024-01-12 00:06:11"}
{"level":"info","message":"Server is running on port 3000","service":"school-api","timestamp":"2024-01-12 00:06:25"}
{"level":"error","message":"connect ECONNREFUSED ::1:27017, connect ECONNREFUSED 127.0.0.1:27017","service":"school-api","timestamp":"2024-01-12 00:06:55"}
{"level":"info","message":"Server is running on port 3000","service":"school-api","timestamp":"2024-01-12 00:08:34"}
{"level":"error","message":"connect ECONNREFUSED ::1:27017, connect ECONNREFUSED 127.0.0.1:27017","service":"school-api","timestamp":"2024-01-12 00:09:04"}
{"level":"info","message":"Server is running on port 3000","service":"school-api","timestamp":"2024-01-12 00:09:42"}
{"level":"info","message":"Server is running on port 3000","service":"school-api","timestamp":"2024-01-12 00:11:20"}
{"level":"info","message":"Server is running on port 3000","service":"school-api","timestamp":"2024-01-12 00:32:18"}
{"level":"info","message":"Server is running on port 3000","service":"school-api","timestamp":"2024-01-12 00:34:33"}
{"level":"info","message":"Server is running on port 3000","service":"school-api","timestamp":"2024-01-12 00:37:20"}
{"level":"info","message":"Server is running on port 3000","service":"school-api","timestamp":"2024-01-12 00:37:36"}
{"level":"info","message":"Server is running on port 3000","service":"school-api","timestamp":"2024-01-12 00:38:44"}
{"level":"info","message":"Server is running on port 3000","service":"school-api","timestamp":"2024-01-12 00:39:42"}
{"level":"info","message":"Server is running on port 3000","service":"school-api","timestamp":"2024-01-12 00:40:14"}
{"level":"info","message":"Server is running on port 3000","service":"school-api","timestamp":"2024-01-12 00:44:52"}
{"level":"info","message":"Server is running on port 3000","service":"school-api","timestamp":"2024-01-12 00:45:57"}
{"level":"info","message":"Server is running on port 3000","service":"school-api","timestamp":"2024-01-12 00:46:33"}
{"level":"info","message":"Server is running on port 3000","service":"school-api","timestamp":"2024-01-12 00:48:51"}
{"level":"info","message":"Server is running on port 3000","service":"school-api","timestamp":"2024-01-12 00:48:57"}
{"level":"info","message":"Server is running on port 3000","service":"school-api","timestamp":"2024-01-12 00:49:01"}
{"level":"info","message":"Server is running on port 3000","service":"school-api","timestamp":"2024-01-12 00:52:50"}
{"level":"info","message":"Server is running on port 3000","service":"school-api","timestamp":"2024-01-12 00:53:14"}
{"level":"info","message":"Server is running on port 3000","service":"school-api","timestamp":"2024-01-12 00:53:18"}
{"level":"info","message":"Server is running on port 3000","service":"school-api","timestamp":"2024-01-12 00:53:37"}
{"level":"info","message":"Server is running on port 3000","service":"school-api","timestamp":"2024-01-12 00:55:13"}
{"level":"info","message":"Server is running on port 3000","service":"school-api","timestamp":"2024-01-12 00:55:36"}
{"level":"info","message":"Server is running on port 3000","service":"school-api","timestamp":"2024-01-12 00:57:24"}
{"level":"info","message":"Server is running on port 3000","service":"school-api","timestamp":"2024-01-12 00:57:36"}
{"level":"info","message":"Server is running on port 3000","service":"school-api","timestamp":"2024-01-12 00:58:09"}
{"level":"info","message":"Server is running on port 3000","service":"school-api","timestamp":"2024-01-12 00:58:33"}
{"level":"info","message":"Server is running on port 3000","service":"school-api","timestamp":"2024-01-12 01:00:42"}
{"level":"info","message":"Server is running on port 3000","service":"school-api","timestamp":"2024-01-12 01:01:08"}
{"level":"info","message":"Server is running on port 3000","service":"school-api","timestamp":"2024-01-12 01:01:13"}
{"level":"info","message":"Server is running on port 3000","service":"school-api","timestamp":"2024-01-12 01:01:18"}
{"level":"info","message":"Server is running on port 3000","service":"school-api","timestamp":"2024-01-12 01:01:34"}
{"level":"info","message":"Server is running on port 3000","service":"school-api","timestamp":"2024-01-12 01:01:39"}
{"level":"info","message":"Server is running on port 3000","service":"school-api","timestamp":"2024-01-12 01:02:16"}
{"level":"info","message":"Server is running on port 3000","service":"school-api","timestamp":"2024-01-12 01:02:21"}
{"level":"info","message":"Server is running on port 3000","service":"school-api","timestamp":"2024-01-12 01:02:43"}
{"level":"info","message":"Server is running on port 3000","service":"school-api","timestamp":"2024-01-12 01:02:50"}
{"level":"info","message":"Server is running on port 3000","service":"school-api","timestamp":"2024-01-12 01:03:37"}
{"level":"info","message":"Server is running on port 3000","service":"school-api","timestamp":"2024-01-12 01:03:44"}
{"level":"info","message":"Server is running on port 3000","service":"school-api","timestamp":"2024-01-12 01:04:19"}
{"level":"info","message":"Server is running on port 3000","service":"school-api","timestamp":"2024-01-12 01:05:07"}
{"level":"info","message":"Server is running on port 3000","service":"school-api","timestamp":"2024-01-12 01:06:15"}
{"level":"info","message":"Server is running on port 3000","service":"school-api","timestamp":"2024-01-12 01:07:09"}
{"level":"info","message":"Server is running on port 3000","service":"school-api","timestamp":"2024-01-12 01:07:19"}
{"level":"info","message":"Server is running on port 3000","service":"school-api","timestamp":"2024-01-12 01:09:19"}
{"level":"info","message":"Server is running on port 3000","service":"school-api","timestamp":"2024-01-12 01:12:47"}
{"level":"info","message":"Server is running on port 3000","service":"school-api","timestamp":"2024-01-12 01:14:03"}
{"level":"info","message":"Server is running on port 3000","service":"school-api","timestamp":"2024-01-12 01:14:31"}
{"level":"info","message":"Server is running on port 3000","service":"school-api","timestamp":"2024-01-12 01:14:56"}
{"level":"info","message":"Server is running on port 3000","service":"school-api","timestamp":"2024-01-12 01:15:21"}
{"level":"info","message":"Server is running on port 3000","service":"school-api","timestamp":"2024-01-12 01:31:36"}
{"level":"info","message":"Server is running on port 3000","service":"school-api","timestamp":"2024-01-12 01:32:40"}
{"level":"info","message":"Server is running on port 3000","service":"school-api","timestamp":"2024-01-12 01:32:56"}
{"level":"info","message":"Server is running on port 3000","service":"school-api","timestamp":"2024-01-12 01:33:30"}
{"level":"info","message":"Server is running on port 3000","service":"school-api","timestamp":"2024-01-12 01:33:56"}
{"level":"info","message":"Server is running on port 3000","service":"school-api","timestamp":"2024-01-12 01:34:05"}
{"level":"info","message":"Server is running on port 3000","service":"school-api","timestamp":"2024-01-12 01:34:48"}
{"level":"info","message":"Server is running on port 3000","service":"school-api","timestamp":"2024-01-12 01:35:44"}
{"level":"info","message":"Server is running on port 3000","service":"school-api","timestamp":"2024-01-12 01:36:22"}
{"level":"info","message":"Server is running on port 3000","service":"school-api","timestamp":"2024-01-12 01:37:09"}
{"level":"info","message":"Server is running on port 3000","service":"school-api","timestamp":"2024-01-12 01:37:15"}
{"level":"info","message":"Server is running on port 3000","service":"school-api","timestamp":"2024-01-12 01:37:31"}
{"level":"info","message":"Server is running on port 3000","service":"school-api","timestamp":"2024-01-12 01:37:57"}
{"level":"info","message":"Server is running on port 3000","service":"school-api","timestamp":"2024-01-12 01:38:02"}
{"level":"info","message":"Server is running on port 3000","service":"school-api","timestamp":"2024-01-12 01:44:19"}
{"level":"info","message":"Server is running on port 3000","service":"school-api","timestamp":"2024-01-12 01:44:29"}
{"level":"info","message":"Server is running on port 3000","service":"school-api","timestamp":"2024-01-12 01:44:41"}
{"level":"info","message":"Server is running on port 3000","service":"school-api","timestamp":"2024-01-12 01:45:02"}
{"level":"info","message":"Server is running on port 3000","service":"school-api","timestamp":"2024-01-12 01:45:54"}
{"level":"info","message":"Server is running on port 3000","service":"school-api","timestamp":"2024-01-12 01:46:27"}
{"level":"info","message":"Server is running on port 3000","service":"school-api","timestamp":"2024-01-12 01:46:52"}
{"level":"info","message":"Server is running on port 3000","service":"school-api","timestamp":"2024-01-12 01:47:03"}
{"level":"info","message":"Server is running on port 3000","service":"school-api","timestamp":"2024-01-12 02:03:18"}
{"level":"info","message":"Server is running on port 3000","service":"school-api","timestamp":"2024-01-12 02:06:21"}
{"level":"info","message":"Server is running on port 3000","service":"school-api","timestamp":"2024-01-12 02:10:05"}
{"level":"info","message":"Server is running on port 3000","service":"school-api","timestamp":"2024-01-12 02:10:47"}
{"level":"info","message":"Server is running on port 3000","service":"school-api","timestamp":"2024-01-12 02:11:37"}
{"level":"info","message":"Server is running on port 3000","service":"school-api","timestamp":"2024-01-12 02:18:40"}
{"level":"info","message":"Server is running on port 3000","service":"school-api","timestamp":"2024-01-12 02:19:02"}
{"level":"info","message":"Server is running on port 3000","service":"school-api","timestamp":"2024-01-12 02:19:07"}
{"level":"info","message":"Server is running on port 3000","service":"school-api","timestamp":"2024-01-12 02:19:50"}
{"level":"error","message":"SyntaxError: Unexpected token ''', ...\"{ \"name\": 'John Doe'\"... is not valid JSON\n    at JSON.parse (<anonymous>)\n    at parse (C:\\Users\\excel\\Documents\\PRIVATE\\code\\node\\AITI\\basic-school-api\\node_modules\\body-parser\\lib\\types\\json.js:89:19)\n    at C:\\Users\\excel\\Documents\\PRIVATE\\code\\node\\AITI\\basic-school-api\\node_modules\\body-parser\\lib\\read.js:128:18\n    at AsyncResource.runInAsyncScope (node:async_hooks:206:9)\n    at invokeCallback (C:\\Users\\excel\\Documents\\PRIVATE\\code\\node\\AITI\\basic-school-api\\node_modules\\raw-body\\index.js:231:16)\n    at done (C:\\Users\\excel\\Documents\\PRIVATE\\code\\node\\AITI\\basic-school-api\\node_modules\\raw-body\\index.js:220:7)\n    at IncomingMessage.onEnd (C:\\Users\\excel\\Documents\\PRIVATE\\code\\node\\AITI\\basic-school-api\\node_modules\\raw-body\\index.js:280:7)\n    at IncomingMessage.emit (node:events:514:28)\n    at endReadableNT (node:internal/streams/readable:1408:12)\n    at process.processTicksAndRejections (node:internal/process/task_queues:82:21)","service":"school-api","timestamp":"2024-01-12 02:20:44"}
{"level":"error","message":"SyntaxError: Expected double-quoted property name in JSON at position 101\n    at JSON.parse (<anonymous>)\n    at parse (C:\\Users\\excel\\Documents\\PRIVATE\\code\\node\\AITI\\basic-school-api\\node_modules\\body-parser\\lib\\types\\json.js:89:19)\n    at C:\\Users\\excel\\Documents\\PRIVATE\\code\\node\\AITI\\basic-school-api\\node_modules\\body-parser\\lib\\read.js:128:18\n    at AsyncResource.runInAsyncScope (node:async_hooks:206:9)\n    at invokeCallback (C:\\Users\\excel\\Documents\\PRIVATE\\code\\node\\AITI\\basic-school-api\\node_modules\\raw-body\\index.js:231:16)\n    at done (C:\\Users\\excel\\Documents\\PRIVATE\\code\\node\\AITI\\basic-school-api\\node_modules\\raw-body\\index.js:220:7)\n    at IncomingMessage.onEnd (C:\\Users\\excel\\Documents\\PRIVATE\\code\\node\\AITI\\basic-school-api\\node_modules\\raw-body\\index.js:280:7)\n    at IncomingMessage.emit (node:events:514:28)\n    at endReadableNT (node:internal/streams/readable:1408:12)\n    at process.processTicksAndRejections (node:internal/process/task_queues:82:21)","service":"school-api","timestamp":"2024-01-12 02:21:23"}
{"level":"info","message":"Server is running on port 3000","service":"school-api","timestamp":"2024-01-12 02:21:47"}
{"level":"info","message":"Server is running on port 3000","service":"school-api","timestamp":"2024-01-12 02:21:52"}
{"level":"info","message":"Server is running on port 3000","service":"school-api","timestamp":"2024-01-12 02:22:32"}
{"level":"info","message":"Server is running on port 3000","service":"school-api","timestamp":"2024-01-12 02:22:41"}
{"level":"info","message":"Server is running on port 3000","service":"school-api","timestamp":"2024-01-12 02:22:47"}
{"level":"info","message":"Server is running on port 3000","service":"school-api","timestamp":"2024-01-12 02:23:30"}
{"level":"info","message":"Server is running on port 3000","service":"school-api","timestamp":"2024-01-12 02:23:58"}
{"level":"info","message":"Server is running on port 3000","service":"school-api","timestamp":"2024-01-12 02:28:18"}
{"level":"info","message":"Server is running on port 3000","service":"school-api","timestamp":"2024-01-12 02:28:30"}
{"level":"info","message":"Server is running on port 3000","service":"school-api","timestamp":"2024-01-12 02:32:03"}
{"level":"info","message":"Server is running on port 3000","service":"school-api","timestamp":"2024-01-12 02:33:59"}
{"level":"info","message":"Server is running on port 3000","service":"school-api","timestamp":"2024-01-12 02:40:36"}
{"level":"info","message":"Server is running on port 3000","service":"school-api","timestamp":"2024-01-12 02:41:05"}
{"level":"info","message":"Server is running on port 3000","service":"school-api","timestamp":"2024-01-12 02:47:38"}
{"level":"info","message":"Server is running on port 3000","service":"school-api","timestamp":"2024-01-12 02:49:04"}
{"level":"info","message":"Server is running on port 3000","service":"school-api","timestamp":"2024-01-12 02:52:27"}
{"level":"info","message":"Server is running on port 3000","service":"school-api","timestamp":"2024-01-12 02:52:37"}
{"level":"info","message":"Server is running on port 3000","service":"school-api","timestamp":"2024-01-12 02:52:59"}
{"level":"info","message":"Server is running on port 3000","service":"school-api","timestamp":"2024-01-12 02:56:00"}
{"level":"info","message":"Server is running on port 3000","service":"school-api","timestamp":"2024-01-12 02:56:19"}
{"level":"info","message":"Server is running on port 3000","service":"school-api","timestamp":"2024-01-12 02:57:08"}
{"level":"info","message":"Server is running on port 3000","service":"school-api","timestamp":"2024-01-12 02:58:38"}
{"level":"info","message":"Server is running on port 3000","service":"school-api","timestamp":"2024-01-12 02:58:46"}
{"level":"info","message":"Server is running on port 3000","service":"school-api","timestamp":"2024-01-12 02:58:51"}
{"level":"info","message":"Server is running on port 3000","service":"school-api","timestamp":"2024-01-12 02:59:09"}
{"level":"info","message":"Server is running on port 3000","service":"school-api","timestamp":"2024-01-12 03:03:12"}
{"level":"info","message":"Server is running on port 3000","service":"school-api","timestamp":"2024-01-12 03:03:17"}
{"level":"info","message":"Server is running on port 3000","service":"school-api","timestamp":"2024-01-12 03:05:36"}
{"level":"info","message":"Server is running on port 3000","service":"school-api","timestamp":"2024-01-12 03:05:54"}
{"level":"info","message":"Server is running on port 3000","service":"school-api","timestamp":"2024-01-12 03:06:12"}
{"level":"info","message":"Server is running on port 3000","service":"school-api","timestamp":"2024-01-12 03:06:17"}
{"level":"info","message":"Server is running on port 3000","service":"school-api","timestamp":"2024-01-12 03:08:22"}
{"level":"info","message":"Server is running on port 3000","service":"school-api","timestamp":"2024-01-12 03:08:51"}
{"level":"info","message":"Server is running on port 3000","service":"school-api","timestamp":"2024-01-12 03:09:05"}
{"level":"info","message":"Server is running on port 3000","service":"school-api","timestamp":"2024-01-12 03:09:35"}
{"level":"info","message":"Server is running on port 3000","service":"school-api","timestamp":"2024-01-12 03:09:42"}
{"level":"info","message":"Server is running on port 3000","service":"school-api","timestamp":"2024-01-12 03:09:55"}
{"level":"info","message":"Server is running on port 3000","service":"school-api","timestamp":"2024-01-12 03:10:23"}
{"level":"info","message":"Server is running on port 3000","service":"school-api","timestamp":"2024-01-12 03:10:39"}
{"level":"info","message":"Server is running on port 3000","service":"school-api","timestamp":"2024-01-12 03:10:49"}
{"level":"info","message":"Server is running on port 3000","service":"school-api","timestamp":"2024-01-12 03:10:53"}
{"level":"info","message":"Server is running on port 3000","service":"school-api","timestamp":"2024-01-12 03:10:59"}
{"level":"info","message":"Server is running on port 3000","service":"school-api","timestamp":"2024-01-12 03:11:59"}
{"level":"info","message":"Server is running on port 3000","service":"school-api","timestamp":"2024-01-12 03:12:46"}
{"level":"info","message":"Server is running on port 3000","service":"school-api","timestamp":"2024-01-12 03:12:51"}
{"level":"info","message":"Server is running on port 3000","service":"school-api","timestamp":"2024-01-12 03:13:02"}
{"level":"info","message":"Server is running on port 3000","service":"school-api","timestamp":"2024-01-12 03:18:39"}
{"level":"info","message":"Server is running on port 3000","service":"school-api","timestamp":"2024-01-12 03:19:01"}
{"level":"info","message":"Server is running on port 3000","service":"school-api","timestamp":"2024-01-12 03:21:48"}
{"level":"info","message":"Server is running on port 3000","service":"school-api","timestamp":"2024-01-12 03:22:12"}
{"level":"info","message":"Server is running on port 3000","service":"school-api","timestamp":"2024-01-12 03:23:04"}
{"level":"info","message":"Server is running on port 3000","service":"school-api","timestamp":"2024-01-12 03:27:28"}
{"level":"info","message":"Server is running on port 3000","service":"school-api","timestamp":"2024-01-12 03:32:38"}
{"level":"info","message":"Server is running on port 3000","service":"school-api","timestamp":"2024-01-12 03:32:51"}
{"level":"info","message":"Server is running on port 3000","service":"school-api","timestamp":"2024-01-12 03:33:08"}
{"level":"info","message":"Server is running on port 3000","service":"school-api","timestamp":"2024-01-12 03:33:33"}
{"level":"info","message":"Server is running on port 3000","service":"school-api","timestamp":"2024-01-12 03:35:55"}
{"level":"info","message":"Server is running on port 3000","service":"school-api","timestamp":"2024-01-12 03:36:10"}
{"level":"info","message":"Server is running on port 3000","service":"school-api","timestamp":"2024-01-12 03:36:14"}
{"level":"info","message":"Server is running on port 3000","service":"school-api","timestamp":"2024-01-12 03:36:43"}
{"level":"info","message":"Server is running on port 3000","service":"school-api","timestamp":"2024-01-12 03:41:41"}
{"level":"info","message":"Server is running on port 3000","service":"school-api","timestamp":"2024-01-12 03:41:48"}
{"level":"info","message":"Server is running on port 3000","service":"school-api","timestamp":"2024-01-12 03:41:53"}
{"level":"info","message":"Server is running on port 3000","service":"school-api","timestamp":"2024-01-12 03:42:35"}
{"level":"info","message":"Server is running on port 3000","service":"school-api","timestamp":"2024-01-12 03:43:34"}
{"level":"info","message":"Server is running on port 3000","service":"school-api","timestamp":"2024-01-12 03:45:28"}
{"level":"info","message":"Server is running on port 3000","service":"school-api","timestamp":"2024-01-12 03:45:38"}
{"level":"info","message":"Server is running on port 3000","service":"school-api","timestamp":"2024-01-12 03:46:33"}
{"level":"info","message":"Server is running on port 3000","service":"school-api","timestamp":"2024-01-12 03:49:13"}
{"level":"info","message":"Server is running on port 3000","service":"school-api","timestamp":"2024-01-12 03:49:28"}
{"level":"info","message":"Server is running on port 3000","service":"school-api","timestamp":"2024-01-12 03:49:57"}
{"level":"info","message":"Server is running on port 3000","service":"school-api","timestamp":"2024-01-12 03:50:52"}
{"level":"info","message":"Server is running on port 3000","service":"school-api","timestamp":"2024-01-12 03:51:13"}
{"level":"info","message":"Server is running on port 3000","service":"school-api","timestamp":"2024-01-12 03:51:21"}
{"level":"info","message":"Server is running on port 3000","service":"school-api","timestamp":"2024-01-12 03:54:06"}
{"level":"info","message":"Server is running on port 3000","service":"school-api","timestamp":"2024-01-12 03:54:39"}
{"level":"info","message":"Server is running on port 3000","service":"school-api","timestamp":"2024-01-12 03:55:09"}
{"level":"info","message":"Server is running on port 3000","service":"school-api","timestamp":"2024-01-12 03:55:15"}
{"level":"info","message":"Server is running on port 3000","service":"school-api","timestamp":"2024-01-12 03:55:23"}
{"level":"info","message":"Server is running on port 3000","service":"school-api","timestamp":"2024-01-12 03:55:28"}
{"level":"info","message":"Server is running on port 3000","service":"school-api","timestamp":"2024-01-12 03:55:55"}
{"level":"info","message":"Server is running on port 3000","service":"school-api","timestamp":"2024-01-12 03:56:15"}
{"level":"info","message":"Server is running on port 3000","service":"school-api","timestamp":"2024-01-12 03:56:43"}
{"level":"info","message":"Server is running on port 3000","service":"school-api","timestamp":"2024-01-12 03:56:48"}
{"level":"info","message":"Server is running on port 3000","service":"school-api","timestamp":"2024-01-12 03:58:13"}
{"level":"info","message":"Server is running on port 3000","service":"school-api","timestamp":"2024-01-12 03:58:23"}
{"level":"info","message":"Server is running on port 3000","service":"school-api","timestamp":"2024-01-12 03:58:34"}
{"level":"info","message":"Server is running on port 3000","service":"school-api","timestamp":"2024-01-12 04:02:47"}
{"level":"info","message":"Server is running on port 3000","service":"school-api","timestamp":"2024-01-12 04:03:51"}
{"level":"info","message":"Server is running on port 3000","service":"school-api","timestamp":"2024-01-12 04:04:43"}
{"level":"info","message":"Server is running on port 3000","service":"school-api","timestamp":"2024-01-12 04:04:49"}
{"level":"info","message":"Server is running on port 3000","service":"school-api","timestamp":"2024-01-12 04:04:57"}
{"level":"info","message":"Server is running on port 3000","service":"school-api","timestamp":"2024-01-12 04:05:25"}
{"level":"info","message":"Server is running on port 3000","service":"school-api","timestamp":"2024-01-12 04:06:02"}
{"level":"info","message":"Server is running on port 3000","service":"school-api","timestamp":"2024-01-12 04:06:12"}
{"level":"info","message":"Server is running on port 3000","service":"school-api","timestamp":"2024-01-12 04:07:22"}
{"level":"info","message":"Server is running on port 3000","service":"school-api","timestamp":"2024-01-12 04:07:28"}
{"level":"info","message":"Server is running on port 3000","service":"school-api","timestamp":"2024-01-12 04:07:35"}
{"level":"info","message":"Server is running on port 3000","service":"school-api","timestamp":"2024-01-12 04:07:43"}
{"level":"info","message":"Server is running on port 3000","service":"school-api","timestamp":"2024-01-12 04:07:59"}
{"level":"info","message":"Server is running on port 3000","service":"school-api","timestamp":"2024-01-12 04:10:13"}
{"level":"info","message":"Server is running on port 3000","service":"school-api","timestamp":"2024-01-12 04:11:32"}
{"level":"info","message":"Server is running on port 3000","service":"school-api","timestamp":"2024-01-12 04:11:43"}
{"level":"info","message":"Server is running on port 3000","service":"school-api","timestamp":"2024-01-12 04:15:28"}
{"level":"info","message":"Server is running on port 3000","service":"school-api","timestamp":"2024-01-12 04:15:50"}
{"level":"info","message":"Server is running on port 3000","service":"school-api","timestamp":"2024-01-12 04:15:56"}
{"level":"info","message":"Server is running on port 3000","service":"school-api","timestamp":"2024-01-12 04:16:39"}
{"level":"info","message":"Server is running on port 3000","service":"school-api","timestamp":"2024-01-12 04:16:49"}
{"level":"info","message":"Server is running on port 3000","service":"school-api","timestamp":"2024-01-12 04:16:53"}
{"level":"info","message":"Server is running on port 3000","service":"school-api","timestamp":"2024-01-12 04:17:03"}
{"level":"info","message":"Server is running on port 3000","service":"school-api","timestamp":"2024-01-12 04:18:27"}
{"level":"info","message":"Server is running on port 3000","service":"school-api","timestamp":"2024-01-12 04:19:09"}
{"level":"info","message":"Server is running on port 3000","service":"school-api","timestamp":"2024-01-12 04:21:30"}
{"level":"info","message":"Server is running on port 3000","service":"school-api","timestamp":"2024-01-12 04:24:34"}
{"level":"info","message":"Server is running on port 3000","service":"school-api","timestamp":"2024-01-12 04:24:41"}
{"level":"info","message":"Server is running on port 3000","service":"school-api","timestamp":"2024-01-12 04:24:50"}
{"level":"info","message":"Server is running on port 3000","service":"school-api","timestamp":"2024-01-12 04:25:14"}
{"level":"info","message":"Server is running on port 3000","service":"school-api","timestamp":"2024-01-12 04:25:22"}
{"level":"info","message":"Server is running on port 3000","service":"school-api","timestamp":"2024-01-12 04:25:33"}
{"level":"info","message":"Server is running on port 3000","service":"school-api","timestamp":"2024-01-12 04:25:40"}
{"level":"info","message":"Server is running on port 3000","service":"school-api","timestamp":"2024-01-12 04:25:58"}
{"level":"info","message":"Server is running on port 3000","service":"school-api","timestamp":"2024-01-12 04:26:12"}
{"level":"info","message":"Server is running on port 3000","service":"school-api","timestamp":"2024-01-12 04:26:22"}
{"level":"info","message":"Server is running on port 3000","service":"school-api","timestamp":"2024-01-12 04:26:32"}
{"level":"info","message":"Server is running on port 3000","service":"school-api","timestamp":"2024-01-12 04:26:43"}
{"level":"info","message":"Server is running on port 3000","service":"school-api","timestamp":"2024-01-12 04:27:03"}
{"level":"info","message":"Server is running on port 3000","service":"school-api","timestamp":"2024-01-12 04:34:29"}
{"level":"info","message":"Server is running on port 3000","service":"school-api","timestamp":"2024-01-12 04:34:43"}
{"level":"info","message":"Server is running on port 3000","service":"school-api","timestamp":"2024-01-12 04:35:18"}
{"level":"info","message":"Server is running on port 3000","service":"school-api","timestamp":"2024-01-12 04:36:46"}
{"level":"info","message":"Server is running on port 3000","service":"school-api","timestamp":"2024-01-12 04:38:51"}
{"level":"info","message":"Server is running on port 3000","service":"school-api","timestamp":"2024-01-12 04:39:04"}
{"level":"info","message":"Server is running on port 3000","service":"school-api","timestamp":"2024-01-12 04:39:11"}
{"level":"info","message":"Server is running on port 3000","service":"school-api","timestamp":"2024-01-12 04:40:04"}
{"level":"info","message":"Server is running on port 3000","service":"school-api","timestamp":"2024-01-12 04:47:45"}
{"level":"info","message":"Server is running on port 3000","service":"school-api","timestamp":"2024-01-12 04:48:43"}
{"level":"info","message":"Server is running on port 3000","service":"school-api","timestamp":"2024-01-12 04:48:54"}
{"level":"info","message":"Server is running on port 3000","service":"school-api","timestamp":"2024-01-12 04:49:10"}
{"level":"info","message":"Server is running on port 3000","service":"school-api","timestamp":"2024-01-12 04:49:50"}
{"level":"info","message":"Server is running on port 3000","service":"school-api","timestamp":"2024-01-12 04:51:34"}
{"level":"info","message":"Server is running on port 3000","service":"school-api","timestamp":"2024-01-12 04:51:40"}
{"level":"info","message":"Server is running on port 3000","service":"school-api","timestamp":"2024-01-12 04:52:01"}
{"level":"info","message":"Server is running on port 3000","service":"school-api","timestamp":"2024-01-12 04:52:10"}
{"level":"info","message":"Server is running on port 3000","service":"school-api","timestamp":"2024-01-12 04:52:23"}
{"level":"info","message":"Server is running on port 3000","service":"school-api","timestamp":"2024-01-12 04:52:30"}
{"level":"info","message":"Server is running on port 3000","service":"school-api","timestamp":"2024-01-12 04:52:53"}
{"level":"info","message":"Server is running on port 3000","service":"school-api","timestamp":"2024-01-12 04:53:03"}
{"level":"info","message":"Server is running on port 3000","service":"school-api","timestamp":"2024-01-12 04:53:11"}
{"level":"info","message":"Server is running on port 3000","service":"school-api","timestamp":"2024-01-12 04:54:23"}
{"level":"info","message":"Server is running on port 3000","service":"school-api","timestamp":"2024-01-12 04:55:55"}
{"level":"info","message":"Server is running on port 3000","service":"school-api","timestamp":"2024-01-12 04:57:00"}
{"level":"info","message":"Server is running on port 3000","service":"school-api","timestamp":"2024-01-12 04:58:14"}
{"level":"info","message":"Server is running on port 3000","service":"school-api","timestamp":"2024-01-12 04:59:37"}
{"level":"info","message":"Server is running on port 3000","service":"school-api","timestamp":"2024-01-12 04:59:42"}
{"level":"info","message":"Server is running on port 3000","service":"school-api","timestamp":"2024-01-12 04:59:50"}
{"level":"info","message":"Server is running on port 3000","service":"school-api","timestamp":"2024-01-12 04:59:59"}
{"level":"info","message":"Server is running on port 3000","service":"school-api","timestamp":"2024-01-12 05:00:09"}
{"level":"info","message":"Server is running on port 3000","service":"school-api","timestamp":"2024-01-12 05:03:09"}
{"level":"info","message":"Server is running on port 3000","service":"school-api","timestamp":"2024-01-12 05:03:20"}
{"level":"info","message":"Server is running on port 3000","service":"school-api","timestamp":"2024-01-12 05:03:23"}
{"level":"info","message":"Server is running on port 3000","service":"school-api","timestamp":"2024-01-12 05:03:32"}
{"level":"info","message":"Server is running on port 3000","service":"school-api","timestamp":"2024-01-12 05:03:37"}
{"level":"info","message":"Server is running on port 3000","service":"school-api","timestamp":"2024-01-12 05:03:48"}
{"level":"info","message":"Server is running on port 3000","service":"school-api","timestamp":"2024-01-12 05:04:02"}
{"level":"info","message":"Server is running on port 3000","service":"school-api","timestamp":"2024-01-12 05:04:10"}
{"level":"info","message":"Server is running on port 3000","service":"school-api","timestamp":"2024-01-12 05:04:20"}
{"level":"info","message":"Server is running on port 3000","service":"school-api","timestamp":"2024-01-12 05:08:28"}
{"level":"info","message":"Server is running on port 3000","service":"school-api","timestamp":"2024-01-12 05:08:59"}
{"level":"info","message":"Server is running on port 3000","service":"school-api","timestamp":"2024-01-12 05:09:06"}
{"level":"info","message":"Server is running on port 3000","service":"school-api","timestamp":"2024-01-12 05:10:23"}
{"level":"info","message":"Server is running on port 3000","service":"school-api","timestamp":"2024-01-12 05:15:27"}
{"level":"info","message":"Server is running on port 3000","service":"school-api","timestamp":"2024-01-12 05:15:34"}
{"level":"info","message":"Server is running on port 3000","service":"school-api","timestamp":"2024-01-12 05:16:15"}
{"level":"info","message":"Server is running on port 3000","service":"school-api","timestamp":"2024-01-12 05:16:50"}
{"level":"info","message":"Server is running on port 3000","service":"school-api","timestamp":"2024-01-12 05:16:55"}
{"level":"info","message":"Server is running on port 3000","service":"school-api","timestamp":"2024-01-12 05:17:48"}
{"level":"info","message":"Server is running on port 3000","service":"school-api","timestamp":"2024-01-12 05:19:46"}
{"level":"info","message":"Server is running on port 3000","service":"school-api","timestamp":"2024-01-12 05:20:48"}
{"level":"info","message":"Server is running on port 3000","service":"school-api","timestamp":"2024-01-12 05:23:36"}
{"level":"info","message":"Server is running on port 3000","service":"school-api","timestamp":"2024-01-12 05:24:55"}
{"level":"info","message":"Server is running on port 3000","service":"school-api","timestamp":"2024-01-12 05:26:16"}
{"level":"info","message":"Server is running on port 3000","service":"school-api","timestamp":"2024-01-12 05:27:23"}
{"level":"info","message":"Server is running on port 3000","service":"school-api","timestamp":"2024-01-12 05:27:28"}
{"level":"info","message":"Server is running on port 3000","service":"school-api","timestamp":"2024-01-12 05:27:34"}
{"level":"info","message":"Server is running on port 3000","service":"school-api","timestamp":"2024-01-12 05:33:09"}
{"level":"info","message":"Server is running on port 3000","service":"school-api","timestamp":"2024-01-12 05:46:05"}
{"level":"info","message":"Server is running on port 3000","service":"school-api","timestamp":"2024-01-12 05:46:13"}
{"level":"info","message":"Server is running on port 3000","service":"school-api","timestamp":"2024-01-12 05:46:17"}
{"level":"info","message":"Server is running on port 3000","service":"school-api","timestamp":"2024-01-12 05:46:20"}
{"level":"info","message":"Server is running on port 3000","service":"school-api","timestamp":"2024-01-12 05:47:01"}
{"level":"info","message":"Server is running on port 3000","service":"school-api","timestamp":"2024-01-12 05:47:06"}
{"level":"info","message":"Server is running on port 3000","service":"school-api","timestamp":"2024-01-12 05:47:08"}
{"level":"info","message":"Server is running on port 3000","service":"school-api","timestamp":"2024-01-12 05:47:13"}
{"level":"info","message":"Server is running on port 3000","service":"school-api","timestamp":"2024-01-12 05:47:18"}
{"level":"info","message":"Server is running on port 3000","service":"school-api","timestamp":"2024-01-12 05:48:34"}
{"level":"info","message":"Server is running on port 3000","service":"school-api","timestamp":"2024-01-12 05:48:40"}
{"level":"info","message":"Server is running on port 3000","service":"school-api","timestamp":"2024-01-12 05:48:49"}
{"level":"info","message":"Server is running on port 3000","service":"school-api","timestamp":"2024-01-12 05:52:50"}
{"level":"info","message":"Server is running on port 3000","service":"school-api","timestamp":"2024-01-12 05:52:55"}
{"level":"info","message":"Server is running on port 3000","service":"school-api","timestamp":"2024-01-12 05:52:57"}
{"level":"info","message":"Server is running on port 3000","service":"school-api","timestamp":"2024-01-12 05:53:01"}
{"level":"info","message":"Server is running on port 3000","service":"school-api","timestamp":"2024-01-12 05:53:06"}
{"level":"info","message":"Server is running on port 3000","service":"school-api","timestamp":"2024-01-12 05:53:11"}
{"level":"info","message":"Server is running on port 3000","service":"school-api","timestamp":"2024-01-12 05:53:43"}
{"level":"info","message":"Server is running on port 3000","service":"school-api","timestamp":"2024-01-12 05:54:04"}
{"level":"info","message":"Server is running on port 3000","service":"school-api","timestamp":"2024-01-12 05:54:08"}
{"level":"info","message":"Server is running on port 3000","service":"school-api","timestamp":"2024-01-12 05:54:09"}
{"level":"info","message":"Server is running on port 3000","service":"school-api","timestamp":"2024-01-12 05:54:16"}
{"level":"info","message":"Server is running on port 3000","service":"school-api","timestamp":"2024-01-12 05:55:24"}
{"level":"info","message":"Server is running on port 3000","service":"school-api","timestamp":"2024-01-12 05:56:52"}
{"level":"info","message":"Server is running on port 3000","service":"school-api","timestamp":"2024-01-12 05:57:32"}
{"level":"info","message":"Connected to database","service":"school-api","timestamp":"2024-01-16 16:47:51"}
{"level":"info","message":"Server is running on port 3000","service":"school-api","timestamp":"2024-01-16 16:47:51"}
{"level":"info","message":"Connected to database","service":"school-api","timestamp":"2024-01-16 16:55:08"}
{"level":"info","message":"Server is running on port 3000","service":"school-api","timestamp":"2024-01-16 16:55:08"}
{"level":"info","message":"Connected to database","service":"school-api","timestamp":"2024-01-16 16:55:34"}
{"level":"info","message":"Server is running on port 3000","service":"school-api","timestamp":"2024-01-16 16:55:34"}
{"level":"info","message":"Connected to database","service":"school-api","timestamp":"2024-01-16 16:56:01"}
{"level":"info","message":"Server is running on port 3000","service":"school-api","timestamp":"2024-01-16 16:56:01"}
{"level":"info","message":"Server is running on port 3000","service":"school-api","timestamp":"2024-01-16 16:56:06"}
{"level":"info","message":"Server is running on port 3000","service":"school-api","timestamp":"2024-01-16 16:57:13"}
{"level":"info","message":"Server is running on port 3000","service":"school-api","timestamp":"2024-01-16 16:57:33"}
{"level":"info","message":"Server is running on port 3000","service":"school-api","timestamp":"2024-01-16 16:59:31"}
{"level":"info","message":"Server is running on port 3000","service":"school-api","timestamp":"2024-01-16 17:01:02"}
{"level":"info","message":"Server is running on port 3000","service":"school-api","timestamp":"2024-01-16 17:01:12"}
{"level":"info","message":"Server is running on port 3000","service":"school-api","timestamp":"2024-01-16 17:04:57"}
{"level":"info","message":"Server is running on port 3000","service":"school-api","timestamp":"2024-01-16 17:07:04"}
{"level":"info","message":"Server is running on port 3000","service":"school-api","timestamp":"2024-01-16 18:01:32"}
{"level":"error","message":"connect ECONNREFUSED ::1:27017, connect ECONNREFUSED 127.0.0.1:27017","service":"school-api","timestamp":"2024-01-16 18:02:55"}
{"level":"info","message":"Connected to database","service":"school-api","timestamp":"2024-01-16 18:04:52"}
{"level":"info","message":"Server is running on port 3000","service":"school-api","timestamp":"2024-01-16 18:04:52"}
{"level":"info","message":"Connected to database","service":"school-api","timestamp":"2024-01-16 18:05:20"}
{"level":"info","message":"Server is running on port 3000","service":"school-api","timestamp":"2024-01-16 18:05:20"}
{"level":"info","message":"Connected to database","service":"school-api","timestamp":"2024-01-16 18:06:21"}
{"level":"info","message":"Server is running on port 3000","service":"school-api","timestamp":"2024-01-16 18:06:21"}
{"level":"info","message":"Connected to database","service":"school-api","timestamp":"2024-01-16 18:08:51"}
{"level":"info","message":"Server is running on port 3000","service":"school-api","timestamp":"2024-01-16 18:08:51"}
{"level":"info","message":"Connected to database","service":"school-api","timestamp":"2024-01-16 23:47:34"}
{"level":"info","message":"Server is running on port 3000","service":"school-api","timestamp":"2024-01-16 23:47:34"}
{"level":"info","message":"Connected to database","service":"school-api","timestamp":"2024-01-16 23:47:45"}
{"level":"info","message":"Server is running on port 3000","service":"school-api","timestamp":"2024-01-16 23:47:45"}
{"level":"info","message":"Connected to database","service":"school-api","timestamp":"2024-01-16 23:48:02"}
{"level":"info","message":"Server is running on port 3000","service":"school-api","timestamp":"2024-01-16 23:48:02"}
{"level":"info","message":"Connected to database","service":"school-api","timestamp":"2024-01-16 23:48:57"}
{"level":"info","message":"Server is running on port 3000","service":"school-api","timestamp":"2024-01-16 23:48:57"}
{"level":"info","message":"Connected to database","service":"school-api","timestamp":"2024-01-16 23:49:22"}
{"level":"info","message":"Server is running on port 3000","service":"school-api","timestamp":"2024-01-16 23:49:22"}
{"level":"info","message":"Connected to database","service":"school-api","timestamp":"2024-01-16 23:49:44"}
{"level":"info","message":"Server is running on port 3000","service":"school-api","timestamp":"2024-01-16 23:49:44"}
{"level":"info","message":"Connected to database","service":"school-api","timestamp":"2024-01-17 00:09:26"}
{"level":"info","message":"Server is running on port 3000","service":"school-api","timestamp":"2024-01-17 00:09:26"}
{"level":"info","message":"Connected to database","service":"school-api","timestamp":"2024-01-17 00:10:01"}
{"level":"info","message":"Server is running on port 3000","service":"school-api","timestamp":"2024-01-17 00:10:01"}
{"level":"info","message":"Connected to database","service":"school-api","timestamp":"2024-01-17 00:10:13"}
{"level":"info","message":"Server is running on port 3000","service":"school-api","timestamp":"2024-01-17 00:10:13"}
{"level":"info","message":"Connected to database","service":"school-api","timestamp":"2024-01-17 00:10:27"}
{"level":"info","message":"Server is running on port 3000","service":"school-api","timestamp":"2024-01-17 00:10:27"}
{"level":"info","message":"Connected to database","service":"school-api","timestamp":"2024-01-17 00:11:39"}
{"level":"info","message":"Server is running on port 3000","service":"school-api","timestamp":"2024-01-17 00:11:39"}
{"level":"info","message":"Connected to database","service":"school-api","timestamp":"2024-01-17 00:13:28"}
{"level":"info","message":"Server is running on port 3000","service":"school-api","timestamp":"2024-01-17 00:13:28"}
{"level":"info","message":"Connected to database","service":"school-api","timestamp":"2024-01-17 00:14:28"}
{"level":"info","message":"Server is running on port 3000","service":"school-api","timestamp":"2024-01-17 00:14:28"}
{"level":"info","message":"Connected to database","service":"school-api","timestamp":"2024-01-17 00:14:45"}
{"level":"info","message":"Server is running on port 3000","service":"school-api","timestamp":"2024-01-17 00:14:45"}
{"level":"info","message":"Connected to database","service":"school-api","timestamp":"2024-01-17 00:15:12"}
{"level":"info","message":"Server is running on port 3000","service":"school-api","timestamp":"2024-01-17 00:15:13"}
{"level":"info","message":"Connected to database","service":"school-api","timestamp":"2024-01-17 00:15:37"}
{"level":"info","message":"Server is running on port 3000","service":"school-api","timestamp":"2024-01-17 00:15:37"}
{"level":"info","message":"Connected to database","service":"school-api","timestamp":"2024-01-17 00:15:43"}
{"level":"info","message":"Server is running on port 3000","service":"school-api","timestamp":"2024-01-17 00:15:43"}
{"level":"info","message":"Connected to database","service":"school-api","timestamp":"2024-01-17 00:16:04"}
{"level":"info","message":"Server is running on port 3000","service":"school-api","timestamp":"2024-01-17 00:16:04"}
{"level":"info","message":"Connected to database","service":"school-api","timestamp":"2024-01-17 00:18:13"}
{"level":"info","message":"Server is running on port 3000","service":"school-api","timestamp":"2024-01-17 00:18:13"}
{"level":"info","message":"Connected to database","service":"school-api","timestamp":"2024-01-17 00:18:23"}
{"level":"info","message":"Server is running on port 3000","service":"school-api","timestamp":"2024-01-17 00:18:23"}
{"level":"info","message":"Connected to database","service":"school-api","timestamp":"2024-01-17 00:19:31"}
{"level":"info","message":"Server is running on port 3000","service":"school-api","timestamp":"2024-01-17 00:19:31"}
{"level":"info","message":"Connected to database","service":"school-api","timestamp":"2024-01-17 00:44:08"}
{"level":"info","message":"Server is running on port 3000","service":"school-api","timestamp":"2024-01-17 00:44:08"}
{"level":"info","message":"Connected to database","service":"school-api","timestamp":"2024-01-17 00:48:08"}
{"level":"info","message":"Server is running on port 3000","service":"school-api","timestamp":"2024-01-17 00:48:08"}
{"level":"info","message":"Connected to database","service":"school-api","timestamp":"2024-01-17 00:59:11"}
{"level":"info","message":"Server is running on port 3000","service":"school-api","timestamp":"2024-01-17 00:59:11"}
{"level":"info","message":"Connected to database","service":"school-api","timestamp":"2024-01-17 00:59:58"}
{"level":"info","message":"Server is running on port 3000","service":"school-api","timestamp":"2024-01-17 00:59:58"}
{"level":"info","message":"Connected to database","service":"school-api","timestamp":"2024-01-17 01:02:23"}
{"level":"info","message":"Server is running on port 3000","service":"school-api","timestamp":"2024-01-17 01:02:23"}
{"level":"info","message":"Connected to database","service":"school-api","timestamp":"2024-01-17 01:05:52"}
{"level":"info","message":"Server is running on port 3000","service":"school-api","timestamp":"2024-01-17 01:05:52"}
{"level":"info","message":"Connected to database","service":"school-api","timestamp":"2024-01-17 01:07:47"}
{"level":"info","message":"Server is running on port 3000","service":"school-api","timestamp":"2024-01-17 01:07:47"}
{"level":"info","message":"Connected to database","service":"school-api","timestamp":"2024-01-17 01:10:09"}
{"level":"info","message":"Server is running on port 3000","service":"school-api","timestamp":"2024-01-17 01:10:09"}
{"level":"info","message":"Connected to database","service":"school-api","timestamp":"2024-01-17 01:10:15"}
{"level":"info","message":"Server is running on port 3000","service":"school-api","timestamp":"2024-01-17 01:10:16"}
{"level":"info","message":"Connected to database","service":"school-api","timestamp":"2024-01-17 01:10:22"}
{"level":"info","message":"Server is running on port 3000","service":"school-api","timestamp":"2024-01-17 01:10:22"}
{"level":"info","message":"Connected to database","service":"school-api","timestamp":"2024-01-17 01:11:29"}
{"level":"info","message":"Server is running on port 3000","service":"school-api","timestamp":"2024-01-17 01:11:29"}
{"level":"info","message":"Connected to database","service":"school-api","timestamp":"2024-01-17 01:12:04"}
{"level":"info","message":"Server is running on port 3000","service":"school-api","timestamp":"2024-01-17 01:12:04"}
{"level":"info","message":"Connected to database","service":"school-api","timestamp":"2024-01-17 01:13:44"}
{"level":"info","message":"Server is running on port 3000","service":"school-api","timestamp":"2024-01-17 01:13:44"}
{"level":"info","message":"Connected to database","service":"school-api","timestamp":"2024-01-17 01:13:49"}
{"level":"info","message":"Server is running on port 3000","service":"school-api","timestamp":"2024-01-17 01:13:49"}
{"level":"info","message":"Connected to database","service":"school-api","timestamp":"2024-01-17 01:14:04"}
{"level":"info","message":"Server is running on port 3000","service":"school-api","timestamp":"2024-01-17 01:14:04"}
{"level":"info","message":"Connected to database","service":"school-api","timestamp":"2024-01-17 01:14:19"}
{"level":"info","message":"Server is running on port 3000","service":"school-api","timestamp":"2024-01-17 01:14:19"}
{"level":"info","message":"Connected to database","service":"school-api","timestamp":"2024-01-17 01:14:58"}
{"level":"info","message":"Server is running on port 3000","service":"school-api","timestamp":"2024-01-17 01:14:58"}
{"level":"info","message":"Connected to database","service":"school-api","timestamp":"2024-01-17 01:15:49"}
{"level":"info","message":"Server is running on port 3000","service":"school-api","timestamp":"2024-01-17 01:15:49"}
{"level":"info","message":"Connected to database","service":"school-api","timestamp":"2024-01-17 01:18:36"}
{"level":"info","message":"Server is running on port 3000","service":"school-api","timestamp":"2024-01-17 01:18:36"}
{"level":"info","message":"Connected to database","service":"school-api","timestamp":"2024-01-17 01:19:15"}
{"level":"info","message":"Server is running on port 3000","service":"school-api","timestamp":"2024-01-17 01:19:15"}
{"level":"info","message":"Connected to database","service":"school-api","timestamp":"2024-01-17 01:21:03"}
{"level":"info","message":"Server is running on port 3000","service":"school-api","timestamp":"2024-01-17 01:21:03"}
{"level":"info","message":"Connected to database","service":"school-api","timestamp":"2024-01-17 01:21:25"}
{"level":"info","message":"Server is running on port 3000","service":"school-api","timestamp":"2024-01-17 01:21:25"}
{"level":"info","message":"Connected to database","service":"school-api","timestamp":"2024-01-17 01:21:51"}
{"level":"info","message":"Server is running on port 3000","service":"school-api","timestamp":"2024-01-17 01:21:51"}
{"level":"info","message":"Connected to database","service":"school-api","timestamp":"2024-01-17 01:23:35"}
{"level":"info","message":"Server is running on port 3000","service":"school-api","timestamp":"2024-01-17 01:23:35"}
{"level":"info","message":"Connected to database","service":"school-api","timestamp":"2024-01-17 01:24:10"}
{"level":"info","message":"Server is running on port 3000","service":"school-api","timestamp":"2024-01-17 01:24:10"}
{"level":"info","message":"Connected to database","service":"school-api","timestamp":"2024-01-17 01:24:33"}
{"level":"info","message":"Server is running on port 3000","service":"school-api","timestamp":"2024-01-17 01:24:33"}
{"level":"info","message":"Connected to database","service":"school-api","timestamp":"2024-01-17 01:24:55"}
{"level":"info","message":"Server is running on port 3000","service":"school-api","timestamp":"2024-01-17 01:24:55"}
{"level":"info","message":"Connected to database","service":"school-api","timestamp":"2024-01-17 01:25:04"}
{"level":"info","message":"Server is running on port 3000","service":"school-api","timestamp":"2024-01-17 01:25:04"}
{"level":"info","message":"Connected to database","service":"school-api","timestamp":"2024-01-17 01:25:27"}
{"level":"info","message":"Server is running on port 3000","service":"school-api","timestamp":"2024-01-17 01:25:27"}
{"level":"info","message":"Connected to database","service":"school-api","timestamp":"2024-01-17 01:25:50"}
{"level":"info","message":"Server is running on port 3000","service":"school-api","timestamp":"2024-01-17 01:25:50"}
{"level":"info","message":"Connected to database","service":"school-api","timestamp":"2024-01-17 01:36:37"}
{"level":"info","message":"Server is running on port 3000","service":"school-api","timestamp":"2024-01-17 01:36:37"}
{"level":"info","message":"Connected to database","service":"school-api","timestamp":"2024-01-17 01:42:28"}
{"level":"info","message":"Server is running on port 3000","service":"school-api","timestamp":"2024-01-17 01:42:28"}
{"level":"info","message":"Connected to database","service":"school-api","timestamp":"2024-01-17 04:29:45"}
{"level":"info","message":"Server is running on port 3000","service":"school-api","timestamp":"2024-01-17 04:29:45"}
{"level":"info","message":"Connected to database","service":"school-api","timestamp":"2024-01-17 16:50:03"}
{"level":"info","message":"Server is running on port 3000","service":"school-api","timestamp":"2024-01-17 16:50:03"}
{"level":"info","message":"Connected to database","service":"school-api","timestamp":"2024-01-17 16:50:24"}
{"level":"info","message":"Server is running on port 3000","service":"school-api","timestamp":"2024-01-17 16:50:24"}
{"level":"info","message":"Connected to database","service":"school-api","timestamp":"2024-01-17 16:50:41"}
{"level":"info","message":"Server is running on port 3000","service":"school-api","timestamp":"2024-01-17 16:50:41"}
{"level":"info","message":"Connected to database","service":"school-api","timestamp":"2024-01-17 16:53:58"}
{"level":"info","message":"Server is running on port 3000","service":"school-api","timestamp":"2024-01-17 16:53:58"}
{"level":"info","message":"Connected to database","service":"school-api","timestamp":"2024-01-17 16:59:31"}
{"level":"info","message":"Server is running on port 3000","service":"school-api","timestamp":"2024-01-17 16:59:31"}
{"level":"info","message":"Connected to database","service":"school-api","timestamp":"2024-01-17 16:59:46"}
{"level":"info","message":"Server is running on port 3000","service":"school-api","timestamp":"2024-01-17 16:59:46"}
{"level":"info","message":"Connected to database","service":"school-api","timestamp":"2024-01-17 17:16:44"}
{"level":"info","message":"Server is running on port 3000","service":"school-api","timestamp":"2024-01-17 17:16:44"}
{"level":"info","message":"Connected to database","service":"school-api","timestamp":"2024-01-17 17:17:08"}
{"level":"info","message":"Server is running on port 3000","service":"school-api","timestamp":"2024-01-17 17:17:08"}
{"level":"info","message":"Connected to database","service":"school-api","timestamp":"2024-01-17 17:18:43"}
{"level":"info","message":"Server is running on port 3000","service":"school-api","timestamp":"2024-01-17 17:18:43"}
{"level":"info","message":"Connected to database","service":"school-api","timestamp":"2024-01-17 17:21:34"}
{"level":"info","message":"Server is running on port 3000","service":"school-api","timestamp":"2024-01-17 17:21:34"}
{"level":"info","message":"Connected to database","service":"school-api","timestamp":"2024-01-17 17:22:08"}
{"level":"info","message":"Server is running on port 3000","service":"school-api","timestamp":"2024-01-17 17:22:08"}
{"level":"info","message":"Connected to database","service":"school-api","timestamp":"2024-01-17 17:46:49"}
{"level":"info","message":"Server is running on port 3000","service":"school-api","timestamp":"2024-01-17 17:46:49"}
{"level":"info","message":"Connected to database","service":"school-api","timestamp":"2024-01-17 18:54:48"}
{"level":"info","message":"Server is running on port 3000","service":"school-api","timestamp":"2024-01-17 18:54:48"}
{"level":"info","message":"Connected to database","service":"school-api","timestamp":"2024-01-17 20:41:04"}
{"level":"info","message":"Server is running on port 3000","service":"school-api","timestamp":"2024-01-17 20:41:04"}
{"level":"info","message":"Connected to database","service":"school-api","timestamp":"2024-01-17 20:50:18"}
{"level":"info","message":"Server is running on port 3000","service":"school-api","timestamp":"2024-01-17 20:50:18"}
{"level":"info","message":"Connected to database","service":"school-api","timestamp":"2024-01-17 20:50:23"}
{"level":"info","message":"Server is running on port 3000","service":"school-api","timestamp":"2024-01-17 20:50:23"}
{"level":"error","message":"connect ECONNREFUSED ::1:27017, connect ECONNREFUSED 127.0.0.1:27017","service":"school-api","timestamp":"2024-01-17 20:50:48"}
{"level":"info","message":"Connected to database","service":"school-api","timestamp":"2024-01-17 20:52:04"}
{"level":"info","message":"Server is running on port 3000","service":"school-api","timestamp":"2024-01-17 20:52:04"}
{"level":"info","message":"Connected to database","service":"school-api","timestamp":"2024-01-17 20:52:12"}
{"level":"info","message":"Server is running on port 3000","service":"school-api","timestamp":"2024-01-17 20:52:12"}
{"level":"error","message":"connect ECONNREFUSED ::1:27017, connect ECONNREFUSED 127.0.0.1:27017","service":"school-api","timestamp":"2024-01-17 20:52:34"}
{"level":"info","message":"Connected to database","service":"school-api","timestamp":"2024-01-17 20:53:31"}
{"level":"info","message":"Server is running on port 3000","service":"school-api","timestamp":"2024-01-17 20:53:31"}
{"level":"info","message":"Connected to database","service":"school-api","timestamp":"2024-01-17 20:53:53"}
{"level":"info","message":"Server is running on port 3000","service":"school-api","timestamp":"2024-01-17 20:53:53"}
{"level":"error","message":"connect ECONNREFUSED ::1:27017, connect ECONNREFUSED 127.0.0.1:27017","service":"school-api","timestamp":"2024-01-17 20:54:23"}
{"level":"info","message":"Connected to database","service":"school-api","timestamp":"2024-01-17 21:00:57"}
{"level":"info","message":"Server is running on port 3000","service":"school-api","timestamp":"2024-01-17 21:00:57"}
{"level":"error","message":"connect ECONNREFUSED ::1:27017, connect ECONNREFUSED 127.0.0.1:27017","service":"school-api","timestamp":"2024-01-17 21:01:27"}
{"level":"info","message":"Connected to database","service":"school-api","timestamp":"2024-01-17 21:07:49"}
{"level":"info","message":"Server is running on port 3000","service":"school-api","timestamp":"2024-01-17 21:07:49"}
{"level":"info","message":"Connected to database","service":"school-api","timestamp":"2024-01-17 21:08:06"}
{"level":"info","message":"Server is running on port 3000","service":"school-api","timestamp":"2024-01-17 21:08:06"}
{"level":"info","message":"Connected to database","service":"school-api","timestamp":"2024-01-17 21:08:43"}
{"level":"info","message":"Server is running on port 3000","service":"school-api","timestamp":"2024-01-17 21:08:43"}
{"level":"error","message":"connect ECONNREFUSED ::1:27017, connect ECONNREFUSED 127.0.0.1:27017","service":"school-api","timestamp":"2024-01-17 21:09:13"}
{"level":"error","message":"connect ECONNREFUSED ::1:27017, connect ECONNREFUSED 127.0.0.1:27017","service":"school-api","timestamp":"2024-01-17 21:09:22"}
{"level":"info","message":"Connected to database","service":"school-api","timestamp":"2024-01-17 21:09:29"}
{"level":"info","message":"Server is running on port 3000","service":"school-api","timestamp":"2024-01-17 21:09:29"}
{"level":"error","message":"connect ECONNREFUSED ::1:27017, connect ECONNREFUSED 127.0.0.1:27017","service":"school-api","timestamp":"2024-01-17 21:09:59"}
{"level":"info","message":"Connected to database","service":"school-api","timestamp":"2024-01-17 21:10:05"}
{"level":"info","message":"Server is running on port 3000","service":"school-api","timestamp":"2024-01-17 21:10:05"}
{"level":"error","message":"connect ECONNREFUSED ::1:27017, connect ECONNREFUSED 127.0.0.1:27017","service":"school-api","timestamp":"2024-01-17 21:10:35"}
{"level":"info","message":"Connected to database","service":"school-api","timestamp":"2024-01-17 21:10:46"}
{"level":"info","message":"Server is running on port 3000","service":"school-api","timestamp":"2024-01-17 21:10:46"}
{"level":"error","message":"connect ECONNREFUSED ::1:27017, connect ECONNREFUSED 127.0.0.1:27017","service":"school-api","timestamp":"2024-01-17 21:11:16"}
{"level":"info","message":"Connected to database","service":"school-api","timestamp":"2024-01-17 21:12:13"}
{"level":"info","message":"Server is running on port 3000","service":"school-api","timestamp":"2024-01-17 21:12:13"}
{"level":"error","message":"connect ECONNREFUSED ::1:27017, connect ECONNREFUSED 127.0.0.1:27017","service":"school-api","timestamp":"2024-01-17 21:12:43"}
{"level":"info","message":"Connected to database","service":"school-api","timestamp":"2024-01-17 21:13:34"}
{"level":"info","message":"Server is running on port 3000","service":"school-api","timestamp":"2024-01-17 21:13:34"}
{"level":"error","message":"connect ECONNREFUSED ::1:27017, connect ECONNREFUSED 127.0.0.1:27017","service":"school-api","timestamp":"2024-01-17 21:14:04"}
{"level":"info","message":"Connected to database","service":"school-api","timestamp":"2024-01-17 21:14:27"}
{"level":"info","message":"Server is running on port 3000","service":"school-api","timestamp":"2024-01-17 21:14:27"}
{"level":"info","message":"Connected to database","service":"school-api","timestamp":"2024-01-17 21:15:43"}
{"level":"info","message":"Server is running on port 3000","service":"school-api","timestamp":"2024-01-17 21:15:43"}
{"level":"info","message":"Connected to database","service":"school-api","timestamp":"2024-01-17 21:15:56"}
{"level":"info","message":"Server is running on port 3000","service":"school-api","timestamp":"2024-01-17 21:15:56"}
{"level":"info","message":"Connected to database","service":"school-api","timestamp":"2024-01-17 21:17:14"}
{"level":"info","message":"Server is running on port 3000","service":"school-api","timestamp":"2024-01-17 21:17:14"}
{"level":"info","message":"Connected to database","service":"school-api","timestamp":"2024-01-17 21:17:48"}
{"level":"info","message":"Server is running on port 3000","service":"school-api","timestamp":"2024-01-17 21:17:48"}
{"level":"info","message":"Connected to database","service":"school-api","timestamp":"2024-01-17 22:12:37"}
{"level":"info","message":"Server is running on port 3000","service":"school-api","timestamp":"2024-01-17 22:12:37"}
{"level":"info","message":"Connected to database","service":"school-api","timestamp":"2024-01-17 22:17:41"}
{"level":"info","message":"Server is running on port 3000","service":"school-api","timestamp":"2024-01-17 22:17:41"}
{"level":"info","message":"Connected to database","service":"school-api","timestamp":"2024-01-17 22:18:09"}
{"level":"info","message":"Server is running on port 3000","service":"school-api","timestamp":"2024-01-17 22:18:09"}
{"level":"info","message":"Connected to database","service":"school-api","timestamp":"2024-01-17 22:18:33"}
{"level":"info","message":"Server is running on port 3000","service":"school-api","timestamp":"2024-01-17 22:18:33"}
{"level":"info","message":"Connected to database","service":"school-api","timestamp":"2024-01-17 22:19:34"}
{"level":"info","message":"Server is running on port 3000","service":"school-api","timestamp":"2024-01-17 22:19:34"}
{"level":"info","message":"Connected to database","service":"school-api","timestamp":"2024-01-17 22:19:59"}
{"level":"info","message":"Server is running on port 3000","service":"school-api","timestamp":"2024-01-17 22:19:59"}
{"level":"info","message":"Connected to database","service":"school-api","timestamp":"2024-01-17 22:20:24"}
{"level":"info","message":"Server is running on port 3000","service":"school-api","timestamp":"2024-01-17 22:20:24"}
{"level":"info","message":"Connected to database","service":"school-api","timestamp":"2024-01-17 22:23:14"}
{"level":"info","message":"Server is running on port 3000","service":"school-api","timestamp":"2024-01-17 22:23:14"}
{"level":"info","message":"Connected to database","service":"school-api","timestamp":"2024-01-17 22:26:06"}
{"level":"info","message":"Server is running on port 3000","service":"school-api","timestamp":"2024-01-17 22:26:06"}
{"level":"info","message":"Connected to database","service":"school-api","timestamp":"2024-01-17 22:26:39"}
{"level":"info","message":"Server is running on port 3000","service":"school-api","timestamp":"2024-01-17 22:26:39"}
{"level":"info","message":"Connected to database","service":"school-api","timestamp":"2024-01-17 22:28:48"}
{"level":"info","message":"Server is running on port 3000","service":"school-api","timestamp":"2024-01-17 22:28:48"}
{"level":"info","message":"Connected to database","service":"school-api","timestamp":"2024-01-17 22:30:52"}
{"level":"info","message":"Server is running on port 3000","service":"school-api","timestamp":"2024-01-17 22:30:52"}
{"level":"info","message":"Connected to database","service":"school-api","timestamp":"2024-01-17 22:32:21"}
{"level":"info","message":"Server is running on port 3000","service":"school-api","timestamp":"2024-01-17 22:32:21"}
{"level":"info","message":"Connected to database","service":"school-api","timestamp":"2024-01-17 22:33:29"}
{"level":"info","message":"Server is running on port 3000","service":"school-api","timestamp":"2024-01-17 22:33:29"}
{"level":"info","message":"Connected to database","service":"school-api","timestamp":"2024-01-17 22:35:50"}
{"level":"info","message":"Server is running on port 3000","service":"school-api","timestamp":"2024-01-17 22:35:50"}
{"level":"info","message":"Connected to database","service":"school-api","timestamp":"2024-01-17 22:36:36"}
{"level":"info","message":"Server is running on port 3000","service":"school-api","timestamp":"2024-01-17 22:36:36"}
{"level":"info","message":"Connected to database","service":"school-api","timestamp":"2024-01-17 22:38:07"}
{"level":"info","message":"Server is running on port 3000","service":"school-api","timestamp":"2024-01-17 22:38:07"}
{"level":"info","message":"Connected to database","service":"school-api","timestamp":"2024-01-17 22:38:52"}
{"level":"info","message":"Server is running on port 3000","service":"school-api","timestamp":"2024-01-17 22:38:52"}
{"level":"info","message":"Connected to database","service":"school-api","timestamp":"2024-01-17 22:44:25"}
{"level":"info","message":"Server is running on port 3000","service":"school-api","timestamp":"2024-01-17 22:44:25"}
{"level":"info","message":"Connected to database","service":"school-api","timestamp":"2024-01-17 22:47:43"}
{"level":"info","message":"Server is running on port 3000","service":"school-api","timestamp":"2024-01-17 22:47:43"}
{"level":"info","message":"Connected to database","service":"school-api","timestamp":"2024-01-17 22:51:21"}
{"level":"info","message":"Server is running on port 3000","service":"school-api","timestamp":"2024-01-17 22:51:21"}
{"level":"info","message":"Connected to database","service":"school-api","timestamp":"2024-01-17 22:51:39"}
{"level":"info","message":"Server is running on port 3000","service":"school-api","timestamp":"2024-01-17 22:51:39"}
{"level":"info","message":"Connected to database","service":"school-api","timestamp":"2024-01-17 22:52:04"}
{"level":"info","message":"Server is running on port 3000","service":"school-api","timestamp":"2024-01-17 22:52:04"}
{"level":"info","message":"Connected to database","service":"school-api","timestamp":"2024-01-17 22:53:18"}
{"level":"info","message":"Server is running on port 3000","service":"school-api","timestamp":"2024-01-17 22:53:18"}
{"level":"info","message":"Connected to database","service":"school-api","timestamp":"2024-01-17 22:54:48"}
{"level":"info","message":"Server is running on port 3000","service":"school-api","timestamp":"2024-01-17 22:54:48"}
{"level":"info","message":"Connected to database","service":"school-api","timestamp":"2024-01-17 22:58:41"}
{"level":"info","message":"Server is running on port 3000","service":"school-api","timestamp":"2024-01-17 22:58:41"}
{"level":"info","message":"Connected to database","service":"school-api","timestamp":"2024-01-17 23:01:07"}
{"level":"info","message":"Server is running on port 3000","service":"school-api","timestamp":"2024-01-17 23:01:07"}
{"level":"info","message":"Connected to database","service":"school-api","timestamp":"2024-01-17 23:03:23"}
{"level":"info","message":"Server is running on port 3000","service":"school-api","timestamp":"2024-01-17 23:03:23"}
{"level":"info","message":"Connected to database","service":"school-api","timestamp":"2024-01-17 23:03:27"}
{"level":"info","message":"Server is running on port 3000","service":"school-api","timestamp":"2024-01-17 23:03:27"}
{"level":"info","message":"Connected to database","service":"school-api","timestamp":"2024-01-17 23:06:02"}
{"level":"info","message":"Server is running on port 3000","service":"school-api","timestamp":"2024-01-17 23:06:02"}
{"level":"info","message":"Connected to database","service":"school-api","timestamp":"2024-01-17 23:06:07"}
{"level":"info","message":"Server is running on port 3000","service":"school-api","timestamp":"2024-01-17 23:06:07"}
{"level":"info","message":"Connected to database","service":"school-api","timestamp":"2024-01-17 23:10:48"}
{"level":"info","message":"Server is running on port 3000","service":"school-api","timestamp":"2024-01-17 23:10:48"}
{"level":"info","message":"Connected to database","service":"school-api","timestamp":"2024-01-17 23:10:51"}
{"level":"info","message":"Server is running on port 3000","service":"school-api","timestamp":"2024-01-17 23:10:51"}
{"level":"info","message":"Connected to database","service":"school-api","timestamp":"2024-01-17 23:12:44"}
{"level":"info","message":"Server is running on port 3000","service":"school-api","timestamp":"2024-01-17 23:12:44"}
{"level":"info","message":"Connected to database","service":"school-api","timestamp":"2024-01-17 23:12:50"}
{"level":"info","message":"Server is running on port 3000","service":"school-api","timestamp":"2024-01-17 23:12:50"}
{"level":"info","message":"Connected to database","service":"school-api","timestamp":"2024-01-17 23:13:26"}
{"level":"info","message":"Server is running on port 3000","service":"school-api","timestamp":"2024-01-17 23:13:26"}
{"level":"info","message":"Connected to database","service":"school-api","timestamp":"2024-01-17 23:13:29"}
{"level":"info","message":"Server is running on port 3000","service":"school-api","timestamp":"2024-01-17 23:13:29"}
{"level":"info","message":"Connected to database","service":"school-api","timestamp":"2024-01-17 23:15:04"}
{"level":"info","message":"Server is running on port 3000","service":"school-api","timestamp":"2024-01-17 23:15:04"}
{"level":"info","message":"Connected to database","service":"school-api","timestamp":"2024-01-17 23:15:08"}
{"level":"info","message":"Server is running on port 3000","service":"school-api","timestamp":"2024-01-17 23:15:08"}
{"level":"info","message":"Connected to database","service":"school-api","timestamp":"2024-01-17 23:25:36"}
{"level":"info","message":"Server is running on port 3000","service":"school-api","timestamp":"2024-01-17 23:25:36"}
{"level":"info","message":"Connected to database","service":"school-api","timestamp":"2024-01-17 23:29:02"}
{"level":"info","message":"Server is running on port 3000","service":"school-api","timestamp":"2024-01-17 23:29:02"}
{"level":"info","message":"Connected to database","service":"school-api","timestamp":"2024-01-17 23:29:08"}
{"level":"info","message":"Server is running on port 3000","service":"school-api","timestamp":"2024-01-17 23:29:08"}
{"level":"info","message":"Connected to database","service":"school-api","timestamp":"2024-01-17 23:31:06"}
{"level":"info","message":"Server is running on port 3000","service":"school-api","timestamp":"2024-01-17 23:31:06"}
{"level":"info","message":"Connected to database","service":"school-api","timestamp":"2024-01-17 23:31:07"}
{"level":"info","message":"Server is running on port 3000","service":"school-api","timestamp":"2024-01-17 23:31:07"}
{"level":"info","message":"Connected to database","service":"school-api","timestamp":"2024-01-17 23:31:33"}
{"level":"info","message":"Server is running on port 3000","service":"school-api","timestamp":"2024-01-17 23:31:33"}
{"level":"info","message":"Connected to database","service":"school-api","timestamp":"2024-01-17 23:31:34"}
{"level":"info","message":"Server is running on port 3000","service":"school-api","timestamp":"2024-01-17 23:31:34"}
{"level":"info","message":"Connected to database","service":"school-api","timestamp":"2024-01-17 23:32:34"}
{"level":"info","message":"Server is running on port 3000","service":"school-api","timestamp":"2024-01-17 23:32:34"}
{"level":"info","message":"Connected to database","service":"school-api","timestamp":"2024-01-17 23:32:35"}
{"level":"info","message":"Server is running on port 3000","service":"school-api","timestamp":"2024-01-17 23:32:35"}
{"level":"info","message":"Connected to database","service":"school-api","timestamp":"2024-01-17 23:36:56"}
{"level":"info","message":"Server is running on port 3000","service":"school-api","timestamp":"2024-01-17 23:36:56"}
{"level":"info","message":"Connected to database","service":"school-api","timestamp":"2024-01-17 23:36:56"}
{"level":"info","message":"Server is running on port 3000","service":"school-api","timestamp":"2024-01-17 23:36:56"}
{"level":"info","message":"Connected to database","service":"school-api","timestamp":"2024-01-17 23:37:29"}
{"level":"info","message":"Server is running on port 3000","service":"school-api","timestamp":"2024-01-17 23:37:29"}
{"level":"info","message":"Connected to database","service":"school-api","timestamp":"2024-01-17 23:37:29"}
{"level":"info","message":"Server is running on port 3000","service":"school-api","timestamp":"2024-01-17 23:37:29"}
{"level":"info","message":"Connected to database","service":"school-api","timestamp":"2024-01-17 23:37:53"}
{"level":"info","message":"Server is running on port 3000","service":"school-api","timestamp":"2024-01-17 23:37:53"}
{"level":"info","message":"Connected to database","service":"school-api","timestamp":"2024-01-17 23:37:54"}
{"level":"info","message":"Server is running on port 3000","service":"school-api","timestamp":"2024-01-17 23:37:54"}
{"level":"info","message":"Connected to database","service":"school-api","timestamp":"2024-01-17 23:39:00"}
{"level":"info","message":"Server is running on port 3000","service":"school-api","timestamp":"2024-01-17 23:39:00"}
{"level":"info","message":"Connected to database","service":"school-api","timestamp":"2024-01-17 23:44:55"}
{"level":"info","message":"Server is running on port 3000","service":"school-api","timestamp":"2024-01-17 23:44:55"}
{"level":"info","message":"Connected to database","service":"school-api","timestamp":"2024-01-17 23:45:33"}
{"level":"info","message":"Server is running on port 3000","service":"school-api","timestamp":"2024-01-17 23:45:33"}
{"level":"info","message":"Connected to database","service":"school-api","timestamp":"2024-01-17 23:45:34"}
{"level":"info","message":"Server is running on port 3000","service":"school-api","timestamp":"2024-01-17 23:45:34"}
{"level":"info","message":"Connected to database","service":"school-api","timestamp":"2024-01-17 23:47:01"}
{"level":"info","message":"Server is running on port 3000","service":"school-api","timestamp":"2024-01-17 23:47:01"}
{"level":"info","message":"Connected to database","service":"school-api","timestamp":"2024-01-17 23:47:08"}
{"level":"info","message":"Server is running on port 3000","service":"school-api","timestamp":"2024-01-17 23:47:08"}
{"level":"info","message":"Connected to database","service":"school-api","timestamp":"2024-01-17 23:47:32"}
{"level":"info","message":"Server is running on port 3000","service":"school-api","timestamp":"2024-01-17 23:47:32"}
{"level":"info","message":"Connected to database","service":"school-api","timestamp":"2024-01-17 23:49:03"}
{"level":"info","message":"Server is running on port 3000","service":"school-api","timestamp":"2024-01-17 23:49:03"}
{"level":"info","message":"Connected to database","service":"school-api","timestamp":"2024-01-17 23:49:05"}
{"level":"info","message":"Server is running on port 3000","service":"school-api","timestamp":"2024-01-17 23:49:05"}
{"level":"info","message":"Connected to database","service":"school-api","timestamp":"2024-01-17 23:49:08"}
{"level":"info","message":"Server is running on port 3000","service":"school-api","timestamp":"2024-01-17 23:49:08"}
{"level":"info","message":"Connected to database","service":"school-api","timestamp":"2024-01-17 23:49:09"}
{"level":"info","message":"Server is running on port 3000","service":"school-api","timestamp":"2024-01-17 23:49:09"}
{"level":"info","message":"Connected to database","service":"school-api","timestamp":"2024-01-17 23:50:55"}
{"level":"info","message":"Server is running on port 3000","service":"school-api","timestamp":"2024-01-17 23:50:55"}
{"level":"info","message":"Connected to database","service":"school-api","timestamp":"2024-01-17 23:51:00"}
{"level":"info","message":"Server is running on port 3000","service":"school-api","timestamp":"2024-01-17 23:51:00"}
{"level":"info","message":"Connected to database","service":"school-api","timestamp":"2024-01-17 23:51:00"}
{"level":"info","message":"Server is running on port 3000","service":"school-api","timestamp":"2024-01-17 23:51:00"}
{"level":"info","message":"Connected to database","service":"school-api","timestamp":"2024-01-17 23:51:46"}
{"level":"info","message":"Server is running on port 3000","service":"school-api","timestamp":"2024-01-17 23:51:46"}
{"level":"info","message":"Connected to database","service":"school-api","timestamp":"2024-01-17 23:51:47"}
{"level":"info","message":"Server is running on port 3000","service":"school-api","timestamp":"2024-01-17 23:51:47"}
{"level":"info","message":"Connected to database","service":"school-api","timestamp":"2024-01-17 23:52:16"}
{"level":"info","message":"Server is running on port 3000","service":"school-api","timestamp":"2024-01-17 23:52:16"}
{"level":"info","message":"Connected to database","service":"school-api","timestamp":"2024-01-17 23:54:21"}
{"level":"info","message":"Server is running on port 3000","service":"school-api","timestamp":"2024-01-17 23:54:22"}
{"level":"info","message":"Connected to database","service":"school-api","timestamp":"2024-01-17 23:54:23"}
{"level":"info","message":"Server is running on port 3000","service":"school-api","timestamp":"2024-01-17 23:54:23"}
{"level":"info","message":"Connected to database","service":"school-api","timestamp":"2024-01-18 00:07:17"}
{"level":"info","message":"Server is running on port 3000","service":"school-api","timestamp":"2024-01-18 00:07:17"}
{"level":"info","message":"Connected to database","service":"school-api","timestamp":"2024-01-18 00:07:21"}
{"level":"info","message":"Server is running on port 3000","service":"school-api","timestamp":"2024-01-18 00:07:21"}
{"level":"info","message":"Connected to database","service":"school-api","timestamp":"2024-01-18 00:07:24"}
{"level":"info","message":"Server is running on port 3000","service":"school-api","timestamp":"2024-01-18 00:07:24"}
{"level":"info","message":"Connected to database","service":"school-api","timestamp":"2024-01-18 00:07:24"}
{"level":"info","message":"Server is running on port 3000","service":"school-api","timestamp":"2024-01-18 00:07:24"}
{"level":"info","message":"Connected to database","service":"school-api","timestamp":"2024-01-18 00:10:00"}
{"level":"info","message":"Server is running on port 3000","service":"school-api","timestamp":"2024-01-18 00:10:00"}
{"level":"info","message":"Connected to database","service":"school-api","timestamp":"2024-01-18 00:13:19"}
{"level":"info","message":"Server is running on port 3000","service":"school-api","timestamp":"2024-01-18 00:13:20"}
{"level":"info","message":"Connected to database","service":"school-api","timestamp":"2024-01-18 00:20:08"}
{"level":"info","message":"Server is running on port 3000","service":"school-api","timestamp":"2024-01-18 00:20:08"}
{"level":"info","message":"Connected to database","service":"school-api","timestamp":"2024-01-18 00:22:37"}
{"level":"info","message":"Server is running on port 3000","service":"school-api","timestamp":"2024-01-18 00:22:37"}
{"level":"info","message":"Connected to database","service":"school-api","timestamp":"2024-01-18 00:22:44"}
{"level":"info","message":"Server is running on port 3000","service":"school-api","timestamp":"2024-01-18 00:22:44"}
{"level":"info","message":"Connected to database","service":"school-api","timestamp":"2024-01-18 00:23:01"}
{"level":"info","message":"Server is running on port 3000","service":"school-api","timestamp":"2024-01-18 00:23:01"}
{"level":"info","message":"Connected to database","service":"school-api","timestamp":"2024-01-18 00:23:59"}
{"level":"info","message":"Server is running on port 3000","service":"school-api","timestamp":"2024-01-18 00:23:59"}
{"level":"info","message":"Connected to database","service":"school-api","timestamp":"2024-01-18 00:26:26"}
{"level":"info","message":"Server is running on port 3000","service":"school-api","timestamp":"2024-01-18 00:26:26"}
{"level":"info","message":"Connected to database","service":"school-api","timestamp":"2024-01-18 00:32:49"}
{"level":"info","message":"Server is running on port 3000","service":"school-api","timestamp":"2024-01-18 00:32:49"}
{"level":"info","message":"Connected to database","service":"school-api","timestamp":"2024-01-18 00:35:08"}
{"level":"info","message":"Server is running on port 3000","service":"school-api","timestamp":"2024-01-18 00:35:08"}
{"level":"info","message":"Connected to database","service":"school-api","timestamp":"2024-01-18 00:38:43"}
{"level":"info","message":"Server is running on port 3000","service":"school-api","timestamp":"2024-01-18 00:38:44"}
{"level":"info","message":"Connected to database","service":"school-api","timestamp":"2024-01-18 00:38:56"}
{"level":"info","message":"Server is running on port 3000","service":"school-api","timestamp":"2024-01-18 00:38:56"}
{"level":"info","message":"Connected to database","service":"school-api","timestamp":"2024-01-18 00:39:02"}
{"level":"info","message":"Server is running on port 3000","service":"school-api","timestamp":"2024-01-18 00:39:02"}
{"level":"info","message":"Connected to database","service":"school-api","timestamp":"2024-01-18 00:39:03"}
{"level":"info","message":"Server is running on port 3000","service":"school-api","timestamp":"2024-01-18 00:39:03"}
{"level":"info","message":"Connected to database","service":"school-api","timestamp":"2024-01-18 00:39:35"}
{"level":"info","message":"Server is running on port 8080","service":"school-api","timestamp":"2024-01-18 00:39:35"}
{"level":"info","message":"Connected to database","service":"school-api","timestamp":"2024-01-18 00:39:43"}
{"level":"info","message":"Server is running on port 8080","service":"school-api","timestamp":"2024-01-18 00:39:43"}
{"level":"info","message":"Connected to database","service":"school-api","timestamp":"2024-01-18 00:39:45"}
{"level":"info","message":"Server is running on port 8080","service":"school-api","timestamp":"2024-01-18 00:39:45"}
{"level":"info","message":"Connected to database","service":"school-api","timestamp":"2024-01-18 00:39:45"}
{"level":"info","message":"Server is running on port 8080","service":"school-api","timestamp":"2024-01-18 00:39:45"}
{"level":"info","message":"Connected to database","service":"school-api","timestamp":"2024-01-18 00:40:36"}
{"level":"info","message":"Server is running on port 8080","service":"school-api","timestamp":"2024-01-18 00:40:36"}
{"level":"info","message":"Connected to database","service":"school-api","timestamp":"2024-01-18 00:40:37"}
{"level":"info","message":"Server is running on port 8080","service":"school-api","timestamp":"2024-01-18 00:40:37"}
{"level":"info","message":"Connected to database","service":"school-api","timestamp":"2024-01-18 00:41:17"}
{"level":"info","message":"Server is running on port 8080","service":"school-api","timestamp":"2024-01-18 00:41:17"}
{"level":"info","message":"Connected to database","service":"school-api","timestamp":"2024-01-18 00:41:18"}
{"level":"info","message":"Server is running on port 8080","service":"school-api","timestamp":"2024-01-18 00:41:18"}
{"level":"info","message":"Connected to database","service":"school-api","timestamp":"2024-01-18 00:44:01"}
{"level":"info","message":"Server is running on port 8080","service":"school-api","timestamp":"2024-01-18 00:44:01"}
{"level":"info","message":"Connected to database","service":"school-api","timestamp":"2024-01-18 00:44:02"}
{"level":"info","message":"Server is running on port 8080","service":"school-api","timestamp":"2024-01-18 00:44:02"}
{"level":"info","message":"Connected to database","service":"school-api","timestamp":"2024-01-18 00:44:39"}
{"level":"info","message":"Server is running on port 8080","service":"school-api","timestamp":"2024-01-18 00:44:39"}
{"level":"info","message":"Connected to database","service":"school-api","timestamp":"2024-01-18 00:44:40"}
{"level":"info","message":"Server is running on port 8080","service":"school-api","timestamp":"2024-01-18 00:44:40"}
{"level":"info","message":"Connected to database","service":"school-api","timestamp":"2024-01-18 00:46:07"}
{"level":"info","message":"Server is running on port 8080","service":"school-api","timestamp":"2024-01-18 00:46:07"}
{"level":"info","message":"Connected to database","service":"school-api","timestamp":"2024-01-18 00:46:08"}
{"level":"info","message":"Server is running on port 8080","service":"school-api","timestamp":"2024-01-18 00:46:08"}
{"level":"info","message":"Connected to database","service":"school-api","timestamp":"2024-01-18 00:46:35"}
{"level":"info","message":"Server is running on port 8080","service":"school-api","timestamp":"2024-01-18 00:46:35"}
{"level":"info","message":"Connected to database","service":"school-api","timestamp":"2024-01-18 00:46:36"}
{"level":"info","message":"Server is running on port 8080","service":"school-api","timestamp":"2024-01-18 00:46:36"}
{"level":"info","message":"Connected to database","service":"school-api","timestamp":"2024-01-18 17:14:35"}
{"level":"info","message":"Server is running on port 8080","service":"school-api","timestamp":"2024-01-18 17:14:35"}
{"level":"info","message":"Connected to database","service":"school-api","timestamp":"2024-01-18 17:16:12"}
{"level":"info","message":"Server is running on port 8080","service":"school-api","timestamp":"2024-01-18 17:16:12"}
